2023-07-11 12:14:35.841  INFO 10412 --- [main] o.s.b.w.embedded.tomcat.TomcatWebServer  : Tomcat initialized with port(s): 8081 (http)
2023-07-11 12:14:35.849  INFO 10412 --- [main] o.apache.catalina.core.StandardService   : Starting service [Tomcat]
2023-07-11 12:14:35.849  INFO 10412 --- [main] org.apache.catalina.core.StandardEngine  : Starting Servlet engine: [Apache Tomcat/9.0.76]
2023-07-11 12:14:35.935  INFO 10412 --- [main] o.a.c.c.C.[Tomcat].[localhost].[/]       : Initializing Spring embedded WebApplicationContext
2023-07-11 12:14:35.936  INFO 10412 --- [main] w.s.c.ServletWebServerApplicationContext : Root WebApplicationContext: initialization completed in 1106 ms
2023-07-11 12:14:36.742  INFO 10412 --- [main] o.s.s.web.DefaultSecurityFilterChain     : Will secure any request with [org.springframework.security.web.session.DisableEncodeUrlFilter@60f77af, org.springframework.security.web.context.request.async.WebAsyncManagerIntegrationFilter@2574a9e3, org.springframework.security.web.context.SecurityContextPersistenceFilter@7e87ef9e, org.springframework.security.web.header.HeaderWriterFilter@3730f716, org.springframework.security.web.csrf.CsrfFilter@1983b48a, org.springframework.security.web.authentication.logout.LogoutFilter@2ba1209b, org.springframework.security.web.authentication.UsernamePasswordAuthenticationFilter@4e245739, org.springframework.security.web.authentication.ui.DefaultLoginPageGeneratingFilter@17207f5b, org.springframework.security.web.authentication.ui.DefaultLogoutPageGeneratingFilter@18b6d3c1, org.springframework.security.web.authentication.www.BasicAuthenticationFilter@412c5e8b, org.springframework.security.web.savedrequest.RequestCacheAwareFilter@45843650, org.springframework.security.web.servletapi.SecurityContextHolderAwareRequestFilter@33feda48, org.springframework.security.web.authentication.AnonymousAuthenticationFilter@422ab737, org.springframework.security.web.session.SessionManagementFilter@66f5a02e, org.springframework.security.web.access.ExceptionTranslationFilter@64bebd55, org.springframework.security.web.access.intercept.FilterSecurityInterceptor@1e54a6b1]
2023-07-11 12:14:37.078  INFO 10412 --- [main] o.s.b.w.embedded.tomcat.TomcatWebServer  : Tomcat started on port(s): 8081 (http) with context path ''
2023-07-11 12:14:37.084  INFO 10412 --- [main] muyi.security.demo.DemoApplication       : Started DemoApplication in 2.618 seconds (JVM running for 2.899)
2023-07-11 12:20:04.407  INFO 164 --- [main] muyi.security.demo.DemoApplicationTests  : Starting DemoApplicationTests using Java 1.8.0_112 on DESKTOP-R0KGD3V with PID 164 (started by NWU in C:\Users\NWU\Desktop\work\demo)
2023-07-11 12:20:04.408  INFO 164 --- [main] muyi.security.demo.DemoApplicationTests  : No active profile set, falling back to 1 default profile: "default"
2023-07-11 12:20:04.794  INFO 164 --- [main] .s.d.r.c.RepositoryConfigurationDelegate : Multiple Spring Data modules found, entering strict repository configuration mode
2023-07-11 12:20:04.796  INFO 164 --- [main] .s.d.r.c.RepositoryConfigurationDelegate : Bootstrapping Spring Data Redis repositories in DEFAULT mode.
2023-07-11 12:20:04.816  INFO 164 --- [main] .s.d.r.c.RepositoryConfigurationDelegate : Finished Spring Data repository scanning in 9 ms. Found 0 Redis repository interfaces.
2023-07-11 12:20:04.906  WARN 164 --- [main] o.m.s.mapper.ClassPathMapperScanner      : Skipping MapperFactoryBean with name 'authorityInfoMapper' and 'muyi.security.demo.mapper.AuthorityInfoMapper' mapperInterface. Bean already defined with the same name!
2023-07-11 12:20:04.906  WARN 164 --- [main] o.m.s.mapper.ClassPathMapperScanner      : Skipping MapperFactoryBean with name 'loginInfoMapper' and 'muyi.security.demo.mapper.LoginInfoMapper' mapperInterface. Bean already defined with the same name!
2023-07-11 12:20:04.907  WARN 164 --- [main] o.m.s.mapper.ClassPathMapperScanner      : Skipping MapperFactoryBean with name 'studentInfoMapper' and 'muyi.security.demo.mapper.StudentInfoMapper' mapperInterface. Bean already defined with the same name!
2023-07-11 12:20:04.907  WARN 164 --- [main] o.m.s.mapper.ClassPathMapperScanner      : No MyBatis mapper was found in '[muyi.security.demo.mapper]' package. Please check your configuration.
2023-07-11 12:20:06.098  INFO 164 --- [main] o.s.s.web.DefaultSecurityFilterChain     : Will secure any request with [org.springframework.security.web.session.DisableEncodeUrlFilter@6097fca9, org.springframework.security.web.context.request.async.WebAsyncManagerIntegrationFilter@35eee641, org.springframework.security.web.context.SecurityContextPersistenceFilter@4525e9e8, org.springframework.security.web.header.HeaderWriterFilter@79ba0a6f, org.springframework.security.web.csrf.CsrfFilter@5e7abaf7, org.springframework.security.web.authentication.logout.LogoutFilter@43da0955, org.springframework.security.web.authentication.UsernamePasswordAuthenticationFilter@2443135, org.springframework.security.web.authentication.ui.DefaultLoginPageGeneratingFilter@b950f82, org.springframework.security.web.authentication.ui.DefaultLogoutPageGeneratingFilter@5729b410, org.springframework.security.web.authentication.www.BasicAuthenticationFilter@7aaad0, org.springframework.security.web.savedrequest.RequestCacheAwareFilter@6c33da7a, org.springframework.security.web.servletapi.SecurityContextHolderAwareRequestFilter@32a72c4, org.springframework.security.web.authentication.AnonymousAuthenticationFilter@64518270, org.springframework.security.web.session.SessionManagementFilter@7f3fc42f, org.springframework.security.web.access.ExceptionTranslationFilter@4b325930, org.springframework.security.web.access.intercept.FilterSecurityInterceptor@5927f904]
2023-07-11 12:20:06.697  INFO 164 --- [main] muyi.security.demo.DemoApplicationTests  : Started DemoApplicationTests in 2.543 seconds (JVM running for 3.228)
2023-07-11 12:20:18.946  INFO 14124 --- [main] muyi.security.demo.DemoApplication       : Starting DemoApplication using Java 1.8.0_112 on DESKTOP-R0KGD3V with PID 14124 (C:\Users\NWU\Desktop\work\demo\target\classes started by NWU in C:\Users\NWU\Desktop\work\demo)
2023-07-11 12:20:18.948  INFO 14124 --- [main] muyi.security.demo.DemoApplication       : No active profile set, falling back to 1 default profile: "default"
2023-07-11 12:20:19.361  INFO 14124 --- [main] .s.d.r.c.RepositoryConfigurationDelegate : Multiple Spring Data modules found, entering strict repository configuration mode
2023-07-11 12:20:19.363  INFO 14124 --- [main] .s.d.r.c.RepositoryConfigurationDelegate : Bootstrapping Spring Data Redis repositories in DEFAULT mode.
2023-07-11 12:20:19.379  INFO 14124 --- [main] .s.d.r.c.RepositoryConfigurationDelegate : Finished Spring Data repository scanning in 7 ms. Found 0 Redis repository interfaces.
2023-07-11 12:20:19.706  INFO 14124 --- [main] o.s.b.w.embedded.tomcat.TomcatWebServer  : Tomcat initialized with port(s): 8081 (http)
2023-07-11 12:20:19.715  INFO 14124 --- [main] o.apache.catalina.core.StandardService   : Starting service [Tomcat]
