2023-07-10 21:37:28.945  INFO 1340 --- [http-nio-8081-exec-3] com.zaxxer.hikari.HikariDataSource       : HikariPool-1 - Start completed.
2023-07-10 21:37:28.986  INFO 1340 --- [http-nio-8081-exec-3] m.s.d.security.UserDetailsServiceImpl    : from UserDetails get Logininfo
2023-07-10 21:37:29.069  INFO 1340 --- [http-nio-8081-exec-4] m.security.demo.service.AuthorityCheck   : 正在请求 访问接口：hello的权限
2023-07-10 21:37:29.074  INFO 1340 --- [http-nio-8081-exec-4] m.s.d.security.UserDetailsServiceImpl    : from UserDetails get Logininfo
2023-07-10 21:38:22.611  INFO 1340 --- [http-nio-8081-exec-5] m.security.demo.service.AuthorityCheck   : 正在请求 访问接口：hello的权限
2023-07-10 21:38:22.615  INFO 1340 --- [http-nio-8081-exec-5] m.s.d.security.UserDetailsServiceImpl    : from UserDetails get Logininfo
2023-07-10 21:39:40.499  INFO 1340 --- [http-nio-8081-exec-9] m.security.demo.service.AuthorityCheck   : 正在请求 访问接口：hello的权限
2023-07-10 21:39:40.503  INFO 1340 --- [http-nio-8081-exec-9] m.s.d.security.UserDetailsServiceImpl    : from UserDetails get Logininfo
2023-07-10 21:45:14.770  INFO 1340 --- [SpringApplicationShutdownHook] com.zaxxer.hikari.HikariDataSource       : HikariPool-1 - Shutdown initiated...
2023-07-10 21:45:14.774  INFO 1340 --- [SpringApplicationShutdownHook] com.zaxxer.hikari.HikariDataSource       : HikariPool-1 - Shutdown completed.
2023-07-10 21:45:29.131  INFO 10708 --- [main] muyi.security.demo.DemoApplication       : Starting DemoApplication using Java 1.8.0_112 on DESKTOP-R0KGD3V with PID 10708 (C:\Users\NWU\Desktop\work\demo\target\classes started by NWU in C:\Users\NWU\Desktop\work\demo)
2023-07-10 21:45:29.133  INFO 10708 --- [main] muyi.security.demo.DemoApplication       : No active profile set, falling back to 1 default profile: "default"
2023-07-10 21:45:29.544  INFO 10708 --- [main] .s.d.r.c.RepositoryConfigurationDelegate : Multiple Spring Data modules found, entering strict repository configuration mode
2023-07-10 21:45:29.546  INFO 10708 --- [main] .s.d.r.c.RepositoryConfigurationDelegate : Bootstrapping Spring Data Redis repositories in DEFAULT mode.
2023-07-10 21:45:29.562  INFO 10708 --- [main] .s.d.r.c.RepositoryConfigurationDelegate : Finished Spring Data repository scanning in 7 ms. Found 0 Redis repository interfaces.
2023-07-10 21:45:29.881  INFO 10708 --- [main] o.s.b.w.embedded.tomcat.TomcatWebServer  : Tomcat initialized with port(s): 8081 (http)
2023-07-10 21:45:29.885  INFO 10708 --- [main] o.apache.catalina.core.StandardService   : Starting service [Tomcat]
2023-07-10 21:45:29.886  INFO 10708 --- [main] org.apache.catalina.core.StandardEngine  : Starting Servlet engine: [Apache Tomcat/9.0.76]
2023-07-10 21:45:29.958  INFO 10708 --- [main] o.a.c.c.C.[Tomcat].[localhost].[/]       : Initializing Spring embedded WebApplicationContext
2023-07-10 21:45:29.958  INFO 10708 --- [main] w.s.c.ServletWebServerApplicationContext : Root WebApplicationContext: initialization completed in 788 ms
2023-07-10 21:45:30.584  INFO 10708 --- [main] o.s.s.web.DefaultSecurityFilterChain     : Will secure any request with [org.springframework.security.web.session.DisableEncodeUrlFilter@713999c2, org.springframework.security.web.context.request.async.WebAsyncManagerIntegrationFilter@6060146b, org.springframework.security.web.context.SecurityContextPersistenceFilter@2bfc2f8b, org.springframework.security.web.header.HeaderWriterFilter@661e279d, org.springframework.security.web.csrf.CsrfFilter@2cae5fa7, org.springframework.security.web.authentication.logout.LogoutFilter@f017dd0, org.springframework.security.web.authentication.UsernamePasswordAuthenticationFilter@203b953c, org.springframework.security.web.authentication.ui.DefaultLoginPageGeneratingFilter@4357524b, org.springframework.security.web.authentication.ui.DefaultLogoutPageGeneratingFilter@33627576, org.springframework.security.web.authentication.www.BasicAuthenticationFilter@63dda940, org.springframework.security.web.savedrequest.RequestCacheAwareFilter@32e5af53, org.springframework.security.web.servletapi.SecurityContextHolderAwareRequestFilter@5980fa73, org.springframework.security.web.authentication.AnonymousAuthenticationFilter@27bc1d44, org.springframework.security.web.session.SessionManagementFilter@38de5daf, org.springframework.security.web.access.ExceptionTranslationFilter@1f758e4f, org.springframework.security.web.access.intercept.FilterSecurityInterceptor@6c995c5d]
2023-07-10 21:45:30.886  INFO 10708 --- [main] o.s.b.w.embedded.tomcat.TomcatWebServer  : Tomcat started on port(s): 8081 (http) with context path ''
2023-07-10 21:45:30.897  INFO 10708 --- [main] muyi.security.demo.DemoApplication       : Started DemoApplication in 2.048 seconds (JVM running for 2.411)
2023-07-10 21:45:37.489  INFO 10708 --- [http-nio-8081-exec-1] o.a.c.c.C.[Tomcat].[localhost].[/]       : Initializing Spring DispatcherServlet 'dispatcherServlet'
2023-07-10 21:45:37.490  INFO 10708 --- [http-nio-8081-exec-1] o.s.web.servlet.DispatcherServlet        : Initializing Servlet 'dispatcherServlet'
2023-07-10 21:45:37.491  INFO 10708 --- [http-nio-8081-exec-1] o.s.web.servlet.DispatcherServlet        : Completed initialization in 1 ms
2023-07-10 21:46:05.943  INFO 10708 --- [http-nio-8081-exec-3] com.zaxxer.hikari.HikariDataSource       : HikariPool-1 - Starting...
2023-07-10 21:46:06.040  INFO 10708 --- [http-nio-8081-exec-3] com.zaxxer.hikari.HikariDataSource       : HikariPool-1 - Start completed.
2023-07-10 21:46:06.079  INFO 10708 --- [http-nio-8081-exec-3] m.s.d.security.UserDetailsServiceImpl    : from UserDetails get Logininfo
2023-07-10 21:46:12.248  INFO 10708 --- [http-nio-8081-exec-5] m.security.demo.service.AuthorityCheck   : 正在请求 访问接口：hello的权限
2023-07-10 21:46:12.254  INFO 10708 --- [http-nio-8081-exec-5] m.s.d.security.UserDetailsServiceImpl    : from UserDetails get Logininfo
