2023-07-10 21:35:43.272  INFO 6760 --- [http-nio-8081-exec-1] o.s.web.servlet.DispatcherServlet        : Completed initialization in 0 ms
2023-07-10 21:36:11.124  INFO 6760 --- [http-nio-8081-exec-5] com.zaxxer.hikari.HikariDataSource       : HikariPool-1 - Starting...
2023-07-10 21:36:11.363  INFO 6760 --- [http-nio-8081-exec-5] com.zaxxer.hikari.HikariDataSource       : HikariPool-1 - Start completed.
2023-07-10 21:36:11.419  INFO 6760 --- [http-nio-8081-exec-5] m.s.d.security.UserDetailsServiceImpl    : from UserDetails get Logininfo
2023-07-10 21:36:27.774  INFO 6760 --- [http-nio-8081-exec-7] m.security.demo.service.AuthorityCheck   : 正在请求 访问接口：hello的权限
2023-07-10 21:36:27.779  INFO 6760 --- [http-nio-8081-exec-7] m.s.d.security.UserDetailsServiceImpl    : from UserDetails get Logininfo
2023-07-10 21:36:30.019  INFO 6760 --- [http-nio-8081-exec-8] m.security.demo.service.AuthorityCheck   : 正在请求 访问接口：hello的权限
2023-07-10 21:36:30.023  INFO 6760 --- [http-nio-8081-exec-8] m.s.d.security.UserDetailsServiceImpl    : from UserDetails get Logininfo
2023-07-10 21:36:41.732  INFO 6760 --- [SpringApplicationShutdownHook] com.zaxxer.hikari.HikariDataSource       : HikariPool-1 - Shutdown initiated...
2023-07-10 21:36:41.734  INFO 6760 --- [SpringApplicationShutdownHook] com.zaxxer.hikari.HikariDataSource       : HikariPool-1 - Shutdown completed.
2023-07-10 21:36:43.960  INFO 1340 --- [main] muyi.security.demo.DemoApplication       : Starting DemoApplication using Java 1.8.0_112 on DESKTOP-R0KGD3V with PID 1340 (C:\Users\NWU\Desktop\work\demo\target\classes started by NWU in C:\Users\NWU\Desktop\work\demo)
2023-07-10 21:36:43.962  INFO 1340 --- [main] muyi.security.demo.DemoApplication       : No active profile set, falling back to 1 default profile: "default"
2023-07-10 21:36:44.371  INFO 1340 --- [main] .s.d.r.c.RepositoryConfigurationDelegate : Multiple Spring Data modules found, entering strict repository configuration mode
2023-07-10 21:36:44.372  INFO 1340 --- [main] .s.d.r.c.RepositoryConfigurationDelegate : Bootstrapping Spring Data Redis repositories in DEFAULT mode.
2023-07-10 21:36:44.388  INFO 1340 --- [main] .s.d.r.c.RepositoryConfigurationDelegate : Finished Spring Data repository scanning in 7 ms. Found 0 Redis repository interfaces.
2023-07-10 21:36:44.708  INFO 1340 --- [main] o.s.b.w.embedded.tomcat.TomcatWebServer  : Tomcat initialized with port(s): 8081 (http)
2023-07-10 21:36:44.713  INFO 1340 --- [main] o.apache.catalina.core.StandardService   : Starting service [Tomcat]
2023-07-10 21:36:44.713  INFO 1340 --- [main] org.apache.catalina.core.StandardEngine  : Starting Servlet engine: [Apache Tomcat/9.0.76]
2023-07-10 21:36:44.787  INFO 1340 --- [main] o.a.c.c.C.[Tomcat].[localhost].[/]       : Initializing Spring embedded WebApplicationContext
2023-07-10 21:36:44.787  INFO 1340 --- [main] w.s.c.ServletWebServerApplicationContext : Root WebApplicationContext: initialization completed in 792 ms
2023-07-10 21:36:45.410  INFO 1340 --- [main] o.s.s.web.DefaultSecurityFilterChain     : Will secure any request with [org.springframework.security.web.session.DisableEncodeUrlFilter@539316bb, org.springframework.security.web.context.request.async.WebAsyncManagerIntegrationFilter@5d1a859c, org.springframework.security.web.context.SecurityContextPersistenceFilter@372954e1, org.springframework.security.web.header.HeaderWriterFilter@6bd92538, org.springframework.security.web.csrf.CsrfFilter@64dc86c6, org.springframework.security.web.authentication.logout.LogoutFilter@4a9b3956, org.springframework.security.web.authentication.UsernamePasswordAuthenticationFilter@1b409a79, org.springframework.security.web.authentication.ui.DefaultLoginPageGeneratingFilter@4044589a, org.springframework.security.web.authentication.ui.DefaultLogoutPageGeneratingFilter@28554ac8, org.springframework.security.web.authentication.www.BasicAuthenticationFilter@3e0a9b1d, org.springframework.security.web.savedrequest.RequestCacheAwareFilter@173511ff, org.springframework.security.web.servletapi.SecurityContextHolderAwareRequestFilter@6df11e91, org.springframework.security.web.authentication.AnonymousAuthenticationFilter@72224107, org.springframework.security.web.session.SessionManagementFilter@19ae36f4, org.springframework.security.web.access.ExceptionTranslationFilter@7f51f588, org.springframework.security.web.access.intercept.FilterSecurityInterceptor@7272ee51]
2023-07-10 21:36:45.713  INFO 1340 --- [main] o.s.b.w.embedded.tomcat.TomcatWebServer  : Tomcat started on port(s): 8081 (http) with context path ''
2023-07-10 21:36:45.724  INFO 1340 --- [main] muyi.security.demo.DemoApplication       : Started DemoApplication in 2.041 seconds (JVM running for 2.41)
2023-07-10 21:37:00.882  INFO 1340 --- [http-nio-8081-exec-1] o.a.c.c.C.[Tomcat].[localhost].[/]       : Initializing Spring DispatcherServlet 'dispatcherServlet'
2023-07-10 21:37:00.883  INFO 1340 --- [http-nio-8081-exec-1] o.s.web.servlet.DispatcherServlet        : Initializing Servlet 'dispatcherServlet'
2023-07-10 21:37:00.885  INFO 1340 --- [http-nio-8081-exec-1] o.s.web.servlet.DispatcherServlet        : Completed initialization in 1 ms
2023-07-10 21:37:28.844  INFO 1340 --- [http-nio-8081-exec-3] com.zaxxer.hikari.HikariDataSource       : HikariPool-1 - Starting...
