2023-07-10 21:34:35.818  INFO 14976 --- [main] o.s.b.w.embedded.tomcat.TomcatWebServer  : Tomcat started on port(s): 8081 (http) with context path ''
2023-07-10 21:34:35.828  INFO 14976 --- [main] muyi.security.demo.DemoApplication       : Started DemoApplication in 1294.929 seconds (JVM running for 1295.407)
2023-07-10 21:35:18.463  INFO 4068 --- [main] muyi.security.demo.DemoApplication       : Starting DemoApplication using Java 1.8.0_112 on DESKTOP-R0KGD3V with PID 4068 (C:\Users\NWU\Desktop\work\demo\target\classes started by NWU in C:\Users\NWU\Desktop\work\demo)
2023-07-10 21:35:18.465  INFO 4068 --- [main] muyi.security.demo.DemoApplication       : No active profile set, falling back to 1 default profile: "default"
2023-07-10 21:35:18.832  INFO 4068 --- [main] .s.d.r.c.RepositoryConfigurationDelegate : Multiple Spring Data modules found, entering strict repository configuration mode
2023-07-10 21:35:18.833  INFO 4068 --- [main] .s.d.r.c.RepositoryConfigurationDelegate : Bootstrapping Spring Data Redis repositories in DEFAULT mode.
2023-07-10 21:35:18.847  INFO 4068 --- [main] .s.d.r.c.RepositoryConfigurationDelegate : Finished Spring Data repository scanning in 7 ms. Found 0 Redis repository interfaces.
2023-07-10 21:35:19.129  INFO 4068 --- [main] o.s.b.w.embedded.tomcat.TomcatWebServer  : Tomcat initialized with port(s): 8081 (http)
2023-07-10 21:35:19.133  INFO 4068 --- [main] o.apache.catalina.core.StandardService   : Starting service [Tomcat]
2023-07-10 21:35:19.133  INFO 4068 --- [main] org.apache.catalina.core.StandardEngine  : Starting Servlet engine: [Apache Tomcat/9.0.76]
2023-07-10 21:35:19.198  INFO 4068 --- [main] o.a.c.c.C.[Tomcat].[localhost].[/]       : Initializing Spring embedded WebApplicationContext
2023-07-10 21:35:19.199  INFO 4068 --- [main] w.s.c.ServletWebServerApplicationContext : Root WebApplicationContext: initialization completed in 706 ms
2023-07-10 21:35:19.743  INFO 4068 --- [main] o.s.s.web.DefaultSecurityFilterChain     : Will secure any request with [org.springframework.security.web.session.DisableEncodeUrlFilter@74f827ad, org.springframework.security.web.context.request.async.WebAsyncManagerIntegrationFilter@73c3cd09, org.springframework.security.web.context.SecurityContextPersistenceFilter@30893e08, org.springframework.security.web.header.HeaderWriterFilter@6bee793f, org.springframework.security.web.csrf.CsrfFilter@3451f01d, org.springframework.security.web.authentication.logout.LogoutFilter@2fd64b11, org.springframework.security.web.authentication.UsernamePasswordAuthenticationFilter@3330f3ad, org.springframework.security.web.authentication.ui.DefaultLoginPageGeneratingFilter@ebe067d, org.springframework.security.web.authentication.ui.DefaultLogoutPageGeneratingFilter@4a8a0099, org.springframework.security.web.authentication.www.BasicAuthenticationFilter@2d760326, org.springframework.security.web.savedrequest.RequestCacheAwareFilter@4548d254, org.springframework.security.web.servletapi.SecurityContextHolderAwareRequestFilter@208f0007, org.springframework.security.web.authentication.AnonymousAuthenticationFilter@7c1447b5, org.springframework.security.web.session.SessionManagementFilter@43b5021c, org.springframework.security.web.access.ExceptionTranslationFilter@36920bd6, org.springframework.security.web.access.intercept.FilterSecurityInterceptor@27df95e]
2023-07-10 21:35:20.010  INFO 4068 --- [main] o.s.b.w.embedded.tomcat.TomcatWebServer  : Tomcat started on port(s): 8081 (http) with context path ''
2023-07-10 21:35:20.020  INFO 4068 --- [main] muyi.security.demo.DemoApplication       : Started DemoApplication in 1.791 seconds (JVM running for 2.123)
2023-07-10 21:35:31.491  INFO 6760 --- [main] muyi.security.demo.DemoApplication       : Starting DemoApplication using Java 1.8.0_112 on DESKTOP-R0KGD3V with PID 6760 (C:\Users\NWU\Desktop\work\demo\target\classes started by NWU in C:\Users\NWU\Desktop\work\demo)
2023-07-10 21:35:31.493  INFO 6760 --- [main] muyi.security.demo.DemoApplication       : No active profile set, falling back to 1 default profile: "default"
2023-07-10 21:35:31.901  INFO 6760 --- [main] .s.d.r.c.RepositoryConfigurationDelegate : Multiple Spring Data modules found, entering strict repository configuration mode
2023-07-10 21:35:31.902  INFO 6760 --- [main] .s.d.r.c.RepositoryConfigurationDelegate : Bootstrapping Spring Data Redis repositories in DEFAULT mode.
2023-07-10 21:35:31.918  INFO 6760 --- [main] .s.d.r.c.RepositoryConfigurationDelegate : Finished Spring Data repository scanning in 7 ms. Found 0 Redis repository interfaces.
2023-07-10 21:35:32.237  INFO 6760 --- [main] o.s.b.w.embedded.tomcat.TomcatWebServer  : Tomcat initialized with port(s): 8081 (http)
2023-07-10 21:35:32.242  INFO 6760 --- [main] o.apache.catalina.core.StandardService   : Starting service [Tomcat]
2023-07-10 21:35:32.242  INFO 6760 --- [main] org.apache.catalina.core.StandardEngine  : Starting Servlet engine: [Apache Tomcat/9.0.76]
2023-07-10 21:35:32.313  INFO 6760 --- [main] o.a.c.c.C.[Tomcat].[localhost].[/]       : Initializing Spring embedded WebApplicationContext
2023-07-10 21:35:32.317  INFO 6760 --- [main] w.s.c.ServletWebServerApplicationContext : Root WebApplicationContext: initialization completed in 793 ms
2023-07-10 21:35:32.940  INFO 6760 --- [main] o.s.s.web.DefaultSecurityFilterChain     : Will secure any request with [org.springframework.security.web.session.DisableEncodeUrlFilter@7bede4ea, org.springframework.security.web.context.request.async.WebAsyncManagerIntegrationFilter@713999c2, org.springframework.security.web.context.SecurityContextPersistenceFilter@7523d5a1, org.springframework.security.web.header.HeaderWriterFilter@733534f9, org.springframework.security.web.csrf.CsrfFilter@3a209918, org.springframework.security.web.authentication.logout.LogoutFilter@45eab322, org.springframework.security.web.authentication.UsernamePasswordAuthenticationFilter@6c995c5d, org.springframework.security.web.authentication.ui.DefaultLoginPageGeneratingFilter@27bcb4ad, org.springframework.security.web.authentication.ui.DefaultLogoutPageGeneratingFilter@6060146b, org.springframework.security.web.authentication.www.BasicAuthenticationFilter@684372d0, org.springframework.security.web.savedrequest.RequestCacheAwareFilter@61853c7e, org.springframework.security.web.servletapi.SecurityContextHolderAwareRequestFilter@32e5af53, org.springframework.security.web.authentication.AnonymousAuthenticationFilter@33627576, org.springframework.security.web.session.SessionManagementFilter@beabd6b, org.springframework.security.web.access.ExceptionTranslationFilter@6fe04f2a, org.springframework.security.web.access.intercept.FilterSecurityInterceptor@6e807e2]
2023-07-10 21:35:33.251  INFO 6760 --- [main] o.s.b.w.embedded.tomcat.TomcatWebServer  : Tomcat started on port(s): 8081 (http) with context path ''
2023-07-10 21:35:33.259  INFO 6760 --- [main] muyi.security.demo.DemoApplication       : Started DemoApplication in 2.053 seconds (JVM running for 2.416)
2023-07-10 21:35:43.269  INFO 6760 --- [http-nio-8081-exec-1] o.a.c.c.C.[Tomcat].[localhost].[/]       : Initializing Spring DispatcherServlet 'dispatcherServlet'
2023-07-10 21:35:43.271  INFO 6760 --- [http-nio-8081-exec-1] o.s.web.servlet.DispatcherServlet        : Initializing Servlet 'dispatcherServlet'
